Arguments: 
  /Users/jasonho/.nvm/versions/node/v11.7.0/bin/node /Users/jasonho/.nvm/versions/node/v11.7.0/bin/yarn tsc

PATH: 
  /Users/jasonho/.nvm/versions/node/v11.7.0/bin:/usr/local/bin:/usr/bin:/bin:/usr/sbin:/sbin:/Applications/Wireshark.app/Contents/MacOS

Yarn version: 
  1.13.0

Node version: 
  11.7.0

Platform: 
  darwin x64

Trace: 
  SyntaxError: /Users/jasonho/repo/district-council-doc-parser/package.json: Unexpected string in JSON at position 225
      at JSON.parse (<anonymous>)
      at /Users/jasonho/.nvm/versions/node/v11.7.0/lib/node_modules/yarn/lib/cli.js:1625:59
      at Generator.next (<anonymous>)
      at step (/Users/jasonho/.nvm/versions/node/v11.7.0/lib/node_modules/yarn/lib/cli.js:304:30)
      at /Users/jasonho/.nvm/versions/node/v11.7.0/lib/node_modules/yarn/lib/cli.js:315:13

npm manifest: 
  {
    "name": "district-council-doc-parser",
    "version": "1.0.0",
    "main": "index.js",
    "author": "Jason Ho <jasonho@oursky.com>",
    "license": "MIT",
    "private": false,
    "dependencies": {
      "typescript": "^3.5.3"
    }
    "script": {
      "tsc": "tsc --noEmit"
    }
  }

yarn manifest: 
  No manifest

Lockfile: 
  # THIS IS AN AUTOGENERATED FILE. DO NOT EDIT THIS FILE DIRECTLY.
  # yarn lockfile v1
  
  
  typescript@^3.5.3:
    version "3.5.3"
    resolved "https://registry.yarnpkg.com/typescript/-/typescript-3.5.3.tgz#c830f657f93f1ea846819e929092f5fe5983e977"
    integrity sha512-ACzBtm/PhXBDId6a6sDJfroT2pOWt/oOnk4/dElG5G33ZL776N3Y6/6bKZJBFpd+b05F3Ct9qDjMeJmRWtE2/g==
